Using pre-set license

 COMMAND LINE ARGUMENTS:
/Applications/Unity/Hub/Editor/2020.2.4f1/Unity.app/Contents/MacOS/Unity
-adb2
-batchMode
-noUpm
-name
AssetImportWorker0
-projectPath
/Users/jtang/Desktop/Jiayi_Pacman/pacman
-logFile
Logs/AssetImportWorker0.log
-srvPort
64170
Successfully changed project path to: /Users/jtang/Desktop/Jiayi_Pacman/pacman
/Users/jtang/Desktop/Jiayi_Pacman/pacman
Using Asset Import Pipeline V2.
Refreshing native plugins compatible for Editor in 31.68 ms, found 2 plugins.
Preloading 0 native plugins for Editor in 0.00 ms.
Initialize engine version: 2020.2.4f1 (becced5a802b)
[Subsystems] Discovering subsystems at path /Applications/Unity/Hub/Editor/2020.2.4f1/Unity.app/Contents/Resources/UnitySubsystems
[Subsystems] Discovering subsystems at path /Users/jtang/Desktop/Jiayi_Pacman/pacman/Assets
GfxDevice: creating device client; threaded=0
2021-09-24 10:12:27.537 Unity[79622:26818729] (null) preferred device: Apple M1 (high power)
2021-09-24 10:12:27.537 Unity[79622:26818729] Metal devices available: 1
2021-09-24 10:12:27.537 Unity[79622:26818729] 0: Apple M1 (high power)
2021-09-24 10:12:27.538 Unity[79622:26818729] Using device Apple M1 (high power)
Initializing Metal device caps: Apple M1
Initialize mono
Mono path[0] = '/Applications/Unity/Hub/Editor/2020.2.4f1/Unity.app/Contents/Managed'
Mono path[1] = '/Applications/Unity/Hub/Editor/2020.2.4f1/Unity.app/Contents/MonoBleedingEdge/lib/mono/unityjit'
Mono config path = '/Applications/Unity/Hub/Editor/2020.2.4f1/Unity.app/Contents/MonoBleedingEdge/etc'
Using monoOptions --debugger-agent=transport=dt_socket,embedding=1,server=y,suspend=n,address=127.0.0.1:56622
Begin MonoManager ReloadAssembly
Registering precompiled unity dll's ...
Register platform support module: /Applications/Unity/Hub/Editor/2020.2.4f1/Unity.app/Contents/PlaybackEngines/MacStandaloneSupport/UnityEditor.OSXStandalone.Extensions.dll
Registered in 0.001130 seconds.
Native extension for OSXStandalone target not found
Refreshing native plugins compatible for Editor in 31.75 ms, found 2 plugins.
Preloading 0 native plugins for Editor in 0.00 ms.
Invoked RoslynAnalysisRunner static constructor.
RoslynAnalysisRunner will not be running.
RoslynAnalysisRunner has terminated.
Mono: successfully reloaded assembly
- Completed reload, in  2.041 seconds
Platform modules already initialized, skipping
Registering precompiled user dll's ...
Registered in 0.000872 seconds.
Begin MonoManager ReloadAssembly
Native extension for OSXStandalone target not found
Refreshing native plugins compatible for Editor in 32.02 ms, found 2 plugins.
Preloading 0 native plugins for Editor in 0.00 ms.
Invoked RoslynAnalysisRunner static constructor.
RoslynAnalysisRunner will not be running.
RoslynAnalysisRunner has terminated.
Mono: successfully reloaded assembly
- Completed reload, in  1.836 seconds
Platform modules already initialized, skipping
========================================================================
Worker process is ready to serve import requests
Launching external process: /Applications/Unity/Hub/Editor/2020.2.4f1/Unity.app/Contents/Tools/UnityShaderCompiler
Launched and connected shader compiler UnityShaderCompiler after 0.03 seconds
Refreshing native plugins compatible for Editor in 0.28 ms, found 2 plugins.
Preloading 0 native plugins for Editor in 0.00 ms.
Unloading 1798 Unused Serialized files (Serialized files now loaded: 0)
System memory in use before: 144.5 MB.
System memory in use after: 144.5 MB.

Unloading 24 unused Assets to reduce memory usage. Loaded Objects now: 2239.
Total: 1.554958 ms (FindLiveObjects: 0.169083 ms CreateObjectMapping: 0.043291 ms MarkObjects: 1.228000 ms  DeleteObjects: 0.113541 ms)

========================================================================
Received Import Request.
  path: Assets/Animations/PacMan/Sprite.controller
  artifactKey: Guid(f0365267a320b422987a0b36169e3db5) Importer(815301076,1909f56bfc062723c751e8b465ee728b)
Start importing Assets/Animations/PacMan/Sprite.controller using Guid(f0365267a320b422987a0b36169e3db5) Importer(815301076,1909f56bfc062723c751e8b465ee728b)  -> (artifact id: '68e4daa392cea4b0929c57b835ff7f42') in 0.468834 seconds
  Import took 0.473116 seconds .

========================================================================
Received Import Request.
  Time since last request: 94.981093 seconds.
  path: Assets/Sprites/Down.anim
  artifactKey: Guid(defd1ed559afd4946aa73f9131dc6b39) Importer(815301076,1909f56bfc062723c751e8b465ee728b)
Start importing Assets/Sprites/Down.anim using Guid(defd1ed559afd4946aa73f9131dc6b39) Importer(815301076,1909f56bfc062723c751e8b465ee728b)  -> (artifact id: '0b1c06e8d189e3b32673df99f5a63727') in 0.220104 seconds
  Import took 0.222549 seconds .

========================================================================
Received Import Request.
  Time since last request: 32.229862 seconds.
  path: Assets/Animations/PacMan/RotateDown.anim
  artifactKey: Guid(defd1ed559afd4946aa73f9131dc6b39) Importer(815301076,1909f56bfc062723c751e8b465ee728b)
Start importing Assets/Animations/PacMan/RotateDown.anim using Guid(defd1ed559afd4946aa73f9131dc6b39) Importer(815301076,1909f56bfc062723c751e8b465ee728b)  -> (artifact id: '0408f40b67ea9ca77d9a374ef29757db') in 0.002849 seconds
  Import took 0.005589 seconds .

========================================================================
Received Import Request.
  Time since last request: 140.548362 seconds.
  path: Assets/Animations/PacMan/RotateUP.anim
  artifactKey: Guid(80cf59cc1d0e6486286a3f74462f0e50) Importer(815301076,1909f56bfc062723c751e8b465ee728b)
Start importing Assets/Animations/PacMan/RotateUP.anim using Guid(80cf59cc1d0e6486286a3f74462f0e50) Importer(815301076,1909f56bfc062723c751e8b465ee728b)  -> (artifact id: '2b5399f7a6af48f494e0612221a42ba9') in 0.003674 seconds
  Import took 0.009424 seconds .

========================================================================
Received Import Request.
  Time since last request: 0.028930 seconds.
  path: Assets/Animations/PacMan/RotateUP.anim
  artifactKey: Guid(80cf59cc1d0e6486286a3f74462f0e50) Importer(815301076,1909f56bfc062723c751e8b465ee728b)
Start importing Assets/Animations/PacMan/RotateUP.anim using Guid(80cf59cc1d0e6486286a3f74462f0e50) Importer(815301076,1909f56bfc062723c751e8b465ee728b)  -> (artifact id: '2b5399f7a6af48f494e0612221a42ba9') in 0.001334 seconds
  Import took 0.003550 seconds .

========================================================================
Received Prepare
Registering precompiled user dll's ...
Registered in 0.001183 seconds.
Begin MonoManager ReloadAssembly
Native extension for OSXStandalone target not found
Refreshing native plugins compatible for Editor in 0.30 ms, found 2 plugins.
Preloading 0 native plugins for Editor in 0.00 ms.
Invoked RoslynAnalysisRunner static constructor.
RoslynAnalysisRunner will not be running.
RoslynAnalysisRunner has terminated.
Mono: successfully reloaded assembly
- Completed reload, in  1.788 seconds
Platform modules already initialized, skipping
Refreshing native plugins compatible for Editor in 0.29 ms, found 2 plugins.
Preloading 0 native plugins for Editor in 0.00 ms.
Unloading 1793 Unused Serialized files (Serialized files now loaded: 0)
System memory in use before: 153.1 MB.
System memory in use after: 153.1 MB.

Unloading 12 unused Assets to reduce memory usage. Loaded Objects now: 2242.
Total: 1.438833 ms (FindLiveObjects: 0.132500 ms CreateObjectMapping: 0.034625 ms MarkObjects: 1.179041 ms  DeleteObjects: 0.091708 ms)

========================================================================
Received Prepare
Registering precompiled user dll's ...
Registered in 0.001286 seconds.
Begin MonoManager ReloadAssembly
Native extension for OSXStandalone target not found
Refreshing native plugins compatible for Editor in 0.44 ms, found 2 plugins.
Preloading 0 native plugins for Editor in 0.00 ms.
Invoked RoslynAnalysisRunner static constructor.
RoslynAnalysisRunner will not be running.
RoslynAnalysisRunner has terminated.
Mono: successfully reloaded assembly
- Completed reload, in  1.917 seconds
Platform modules already initialized, skipping
Refreshing native plugins compatible for Editor in 0.21 ms, found 2 plugins.
Preloading 0 native plugins for Editor in 0.00 ms.
Unloading 1793 Unused Serialized files (Serialized files now loaded: 0)
System memory in use before: 153.3 MB.
System memory in use after: 153.3 MB.

Unloading 12 unused Assets to reduce memory usage. Loaded Objects now: 2245.
Total: 1.430208 ms (FindLiveObjects: 0.151834 ms CreateObjectMapping: 0.038166 ms MarkObjects: 1.153042 ms  DeleteObjects: 0.086458 ms)

========================================================================
Received Prepare
Registering precompiled user dll's ...
Registered in 0.001122 seconds.
Begin MonoManager ReloadAssembly
Native extension for OSXStandalone target not found
Refreshing native plugins compatible for Editor in 0.30 ms, found 2 plugins.
Preloading 0 native plugins for Editor in 0.00 ms.
Invoked RoslynAnalysisRunner static constructor.
RoslynAnalysisRunner will not be running.
RoslynAnalysisRunner has terminated.
Mono: successfully reloaded assembly
- Completed reload, in  1.857 seconds
Platform modules already initialized, skipping
Refreshing native plugins compatible for Editor in 0.24 ms, found 2 plugins.
Preloading 0 native plugins for Editor in 0.00 ms.
Unloading 1793 Unused Serialized files (Serialized files now loaded: 0)
System memory in use before: 153.5 MB.
System memory in use after: 153.5 MB.

Unloading 12 unused Assets to reduce memory usage. Loaded Objects now: 2248.
Total: 1.347250 ms (FindLiveObjects: 0.143542 ms CreateObjectMapping: 0.034334 ms MarkObjects: 1.081666 ms  DeleteObjects: 0.087084 ms)

========================================================================
Received Prepare
Registering precompiled user dll's ...
Registered in 0.000521 seconds.
Begin MonoManager ReloadAssembly
Native extension for OSXStandalone target not found
Refreshing native plugins compatible for Editor in 0.31 ms, found 2 plugins.
Preloading 0 native plugins for Editor in 0.00 ms.
Invoked RoslynAnalysisRunner static constructor.
RoslynAnalysisRunner will not be running.
RoslynAnalysisRunner has terminated.
Mono: successfully reloaded assembly
- Completed reload, in  1.933 seconds
Platform modules already initialized, skipping
Refreshing native plugins compatible for Editor in 0.26 ms, found 2 plugins.
Preloading 0 native plugins for Editor in 0.00 ms.
Unloading 1793 Unused Serialized files (Serialized files now loaded: 0)
System memory in use before: 153.8 MB.
System memory in use after: 153.7 MB.

Unloading 12 unused Assets to reduce memory usage. Loaded Objects now: 2251.
Total: 1.480167 ms (FindLiveObjects: 0.126041 ms CreateObjectMapping: 0.035250 ms MarkObjects: 1.223500 ms  DeleteObjects: 0.094459 ms)

========================================================================
Received Prepare
Registering precompiled user dll's ...
Registered in 0.001430 seconds.
Begin MonoManager ReloadAssembly
Native extension for OSXStandalone target not found
Refreshing native plugins compatible for Editor in 0.31 ms, found 2 plugins.
Preloading 0 native plugins for Editor in 0.00 ms.
Invoked RoslynAnalysisRunner static constructor.
RoslynAnalysisRunner will not be running.
RoslynAnalysisRunner has terminated.
Mono: successfully reloaded assembly
- Completed reload, in  2.035 seconds
Platform modules already initialized, skipping
Refreshing native plugins compatible for Editor in 0.31 ms, found 2 plugins.
Preloading 0 native plugins for Editor in 0.00 ms.
Unloading 1793 Unused Serialized files (Serialized files now loaded: 0)
System memory in use before: 154.0 MB.
System memory in use after: 154.0 MB.

Unloading 12 unused Assets to reduce memory usage. Loaded Objects now: 2254.
Total: 1.550459 ms (FindLiveObjects: 0.216083 ms CreateObjectMapping: 0.036875 ms MarkObjects: 1.197125 ms  DeleteObjects: 0.099334 ms)

========================================================================
Received Import Request.
  Time since last request: 455.756689 seconds.
  path: Assets/Animations/PacMan/Sprite.controller
  artifactKey: Guid(f0365267a320b422987a0b36169e3db5) Importer(815301076,1909f56bfc062723c751e8b465ee728b)
Start importing Assets/Animations/PacMan/Sprite.controller using Guid(f0365267a320b422987a0b36169e3db5) Importer(815301076,1909f56bfc062723c751e8b465ee728b)  -> (artifact id: '83c7ca40a7055e470d3b2155ba92f70a') in 0.053645 seconds
  Import took 0.057055 seconds .

========================================================================
Received Prepare
Registering precompiled user dll's ...
Registered in 0.001212 seconds.
Begin MonoManager ReloadAssembly
Native extension for OSXStandalone target not found
Refreshing native plugins compatible for Editor in 0.30 ms, found 2 plugins.
Preloading 0 native plugins for Editor in 0.00 ms.
Invoked RoslynAnalysisRunner static constructor.
RoslynAnalysisRunner will not be running.
RoslynAnalysisRunner has terminated.
Mono: successfully reloaded assembly
- Completed reload, in  1.894 seconds
Platform modules already initialized, skipping
Refreshing native plugins compatible for Editor in 0.28 ms, found 2 plugins.
Preloading 0 native plugins for Editor in 0.00 ms.
Unloading 1793 Unused Serialized files (Serialized files now loaded: 0)
System memory in use before: 154.2 MB.
System memory in use after: 154.2 MB.

Unloading 12 unused Assets to reduce memory usage. Loaded Objects now: 2257.
Total: 1.397916 ms (FindLiveObjects: 0.134375 ms CreateObjectMapping: 0.035333 ms MarkObjects: 1.140209 ms  DeleteObjects: 0.087167 ms)

========================================================================
Received Prepare
Registering precompiled user dll's ...
Registered in 0.000899 seconds.
Begin MonoManager ReloadAssembly
Native extension for OSXStandalone target not found
Refreshing native plugins compatible for Editor in 0.29 ms, found 2 plugins.
Preloading 0 native plugins for Editor in 0.00 ms.
Invoked RoslynAnalysisRunner static constructor.
RoslynAnalysisRunner will not be running.
RoslynAnalysisRunner has terminated.
Mono: successfully reloaded assembly
- Completed reload, in  1.949 seconds
Platform modules already initialized, skipping
Refreshing native plugins compatible for Editor in 0.27 ms, found 2 plugins.
Preloading 0 native plugins for Editor in 0.00 ms.
Unloading 1793 Unused Serialized files (Serialized files now loaded: 0)
System memory in use before: 154.4 MB.
System memory in use after: 154.4 MB.

Unloading 12 unused Assets to reduce memory usage. Loaded Objects now: 2260.
Total: 1.357417 ms (FindLiveObjects: 0.134000 ms CreateObjectMapping: 0.034625 ms MarkObjects: 1.105334 ms  DeleteObjects: 0.082583 ms)

========================================================================
Received Import Request.
  Time since last request: 125.113161 seconds.
  path: Assets/Sprites/PacMan.png
  artifactKey: Guid(88691ab50b58a4d378271f4d6404c41d) Importer(815301076,1909f56bfc062723c751e8b465ee728b)
Start importing Assets/Sprites/PacMan.png using Guid(88691ab50b58a4d378271f4d6404c41d) Importer(815301076,1909f56bfc062723c751e8b465ee728b)  -> (artifact id: '008adeca13de3568d1ab826a664e7399') in 0.630501 seconds
  Import took 0.632860 seconds .

========================================================================
Received Import Request.
  Time since last request: 3.784438 seconds.
  path: Assets/Sprites/PacMan.png
  artifactKey: Guid(88691ab50b58a4d378271f4d6404c41d) Importer(815301076,1909f56bfc062723c751e8b465ee728b)
Start importing Assets/Sprites/PacMan.png using Guid(88691ab50b58a4d378271f4d6404c41d) Importer(815301076,1909f56bfc062723c751e8b465ee728b)  -> (artifact id: 'f63898209f30431cd4f5aa1f57839c6a') in 0.018513 seconds
  Import took 0.021125 seconds .

========================================================================
Received Prepare
Registering precompiled user dll's ...
Registered in 0.000835 seconds.
Begin MonoManager ReloadAssembly
Native extension for OSXStandalone target not found
Refreshing native plugins compatible for Editor in 0.30 ms, found 2 plugins.
Preloading 0 native plugins for Editor in 0.00 ms.
Invoked RoslynAnalysisRunner static constructor.
RoslynAnalysisRunner will not be running.
RoslynAnalysisRunner has terminated.
Mono: successfully reloaded assembly
- Completed reload, in  1.917 seconds
Platform modules already initialized, skipping
Refreshing native plugins compatible for Editor in 0.29 ms, found 2 plugins.
Preloading 0 native plugins for Editor in 0.00 ms.
Unloading 1793 Unused Serialized files (Serialized files now loaded: 0)
System memory in use before: 162.3 MB.
System memory in use after: 162.2 MB.

Unloading 12 unused Assets to reduce memory usage. Loaded Objects now: 2270.
Total: 1.419875 ms (FindLiveObjects: 0.144625 ms CreateObjectMapping: 0.035458 ms MarkObjects: 1.152500 ms  DeleteObjects: 0.086292 ms)

========================================================================
Received Prepare
Registering precompiled user dll's ...
Registered in 0.006606 seconds.
Begin MonoManager ReloadAssembly
Native extension for OSXStandalone target not found
Refreshing native plugins compatible for Editor in 0.30 ms, found 2 plugins.
Preloading 0 native plugins for Editor in 0.00 ms.
Invoked RoslynAnalysisRunner static constructor.
RoslynAnalysisRunner will not be running.
RoslynAnalysisRunner has terminated.
Mono: successfully reloaded assembly
- Completed reload, in  1.826 seconds
Platform modules already initialized, skipping
Refreshing native plugins compatible for Editor in 0.24 ms, found 2 plugins.
Preloading 0 native plugins for Editor in 0.00 ms.
Unloading 1793 Unused Serialized files (Serialized files now loaded: 0)
System memory in use before: 162.5 MB.
System memory in use after: 162.5 MB.

Unloading 12 unused Assets to reduce memory usage. Loaded Objects now: 2273.
Total: 1.506375 ms (FindLiveObjects: 0.138958 ms CreateObjectMapping: 0.036917 ms MarkObjects: 1.234959 ms  DeleteObjects: 0.094833 ms)

========================================================================
Received Prepare
Registering precompiled user dll's ...
Registered in 0.000693 seconds.
Begin MonoManager ReloadAssembly
Native extension for OSXStandalone target not found
Refreshing native plugins compatible for Editor in 0.32 ms, found 2 plugins.
Preloading 0 native plugins for Editor in 0.00 ms.
Invoked RoslynAnalysisRunner static constructor.
RoslynAnalysisRunner will not be running.
RoslynAnalysisRunner has terminated.
Mono: successfully reloaded assembly
- Completed reload, in  2.393 seconds
Platform modules already initialized, skipping
Refreshing native plugins compatible for Editor in 0.23 ms, found 2 plugins.
Preloading 0 native plugins for Editor in 0.00 ms.
Unloading 1793 Unused Serialized files (Serialized files now loaded: 0)
System memory in use before: 162.7 MB.
System memory in use after: 162.7 MB.

Unloading 12 unused Assets to reduce memory usage. Loaded Objects now: 2276.
Total: 1.475750 ms (FindLiveObjects: 0.151500 ms CreateObjectMapping: 0.035416 ms MarkObjects: 1.195208 ms  DeleteObjects: 0.092792 ms)

========================================================================
Received Prepare
Registering precompiled user dll's ...
Registered in 0.001367 seconds.
Begin MonoManager ReloadAssembly
Native extension for OSXStandalone target not found
Refreshing native plugins compatible for Editor in 0.39 ms, found 2 plugins.
Preloading 0 native plugins for Editor in 0.00 ms.
Invoked RoslynAnalysisRunner static constructor.
RoslynAnalysisRunner will not be running.
RoslynAnalysisRunner has terminated.
Mono: successfully reloaded assembly
- Completed reload, in  2.331 seconds
Platform modules already initialized, skipping
Refreshing native plugins compatible for Editor in 0.30 ms, found 2 plugins.
Preloading 0 native plugins for Editor in 0.00 ms.
Unloading 1793 Unused Serialized files (Serialized files now loaded: 0)
System memory in use before: 162.9 MB.
System memory in use after: 162.9 MB.

Unloading 12 unused Assets to reduce memory usage. Loaded Objects now: 2279.
Total: 1.851042 ms (FindLiveObjects: 0.170666 ms CreateObjectMapping: 0.036167 ms MarkObjects: 1.222625 ms  DeleteObjects: 0.420875 ms)

========================================================================
Received Prepare
Registering precompiled user dll's ...
Registered in 0.000545 seconds.
Begin MonoManager ReloadAssembly
Native extension for OSXStandalone target not found
Refreshing native plugins compatible for Editor in 0.31 ms, found 2 plugins.
Preloading 0 native plugins for Editor in 0.00 ms.
Invoked RoslynAnalysisRunner static constructor.
RoslynAnalysisRunner will not be running.
RoslynAnalysisRunner has terminated.
Mono: successfully reloaded assembly
- Completed reload, in  1.869 seconds
Platform modules already initialized, skipping
Refreshing native plugins compatible for Editor in 0.33 ms, found 2 plugins.
Preloading 0 native plugins for Editor in 0.00 ms.
Unloading 1793 Unused Serialized files (Serialized files now loaded: 0)
System memory in use before: 163.2 MB.
System memory in use after: 163.1 MB.

Unloading 12 unused Assets to reduce memory usage. Loaded Objects now: 2282.
Total: 1.543333 ms (FindLiveObjects: 0.221667 ms CreateObjectMapping: 0.035292 ms MarkObjects: 1.180917 ms  DeleteObjects: 0.104458 ms)

========================================================================
Received Prepare
Registering precompiled user dll's ...
Registered in 0.001020 seconds.
Begin MonoManager ReloadAssembly
Native extension for OSXStandalone target not found
Refreshing native plugins compatible for Editor in 0.37 ms, found 2 plugins.
Preloading 0 native plugins for Editor in 0.00 ms.
Invoked RoslynAnalysisRunner static constructor.
RoslynAnalysisRunner will not be running.
RoslynAnalysisRunner has terminated.
Mono: successfully reloaded assembly
- Completed reload, in  2.158 seconds
Platform modules already initialized, skipping
Refreshing native plugins compatible for Editor in 0.28 ms, found 2 plugins.
Preloading 0 native plugins for Editor in 0.00 ms.
Unloading 1793 Unused Serialized files (Serialized files now loaded: 0)
System memory in use before: 163.3 MB.
System memory in use after: 163.3 MB.

Unloading 12 unused Assets to reduce memory usage. Loaded Objects now: 2285.
Total: 1.440875 ms (FindLiveObjects: 0.139166 ms CreateObjectMapping: 0.036042 ms MarkObjects: 1.171584 ms  DeleteObjects: 0.093208 ms)

========================================================================
Received Prepare
Registering precompiled user dll's ...
Registered in 0.000364 seconds.
Begin MonoManager ReloadAssembly
Native extension for OSXStandalone target not found
Refreshing native plugins compatible for Editor in 0.31 ms, found 2 plugins.
Preloading 0 native plugins for Editor in 0.00 ms.
Invoked RoslynAnalysisRunner static constructor.
RoslynAnalysisRunner will not be running.
RoslynAnalysisRunner has terminated.
Mono: successfully reloaded assembly
- Completed reload, in  1.925 seconds
Platform modules already initialized, skipping
Refreshing native plugins compatible for Editor in 0.25 ms, found 2 plugins.
Preloading 0 native plugins for Editor in 0.00 ms.
Unloading 1793 Unused Serialized files (Serialized files now loaded: 0)
System memory in use before: 163.5 MB.
System memory in use after: 163.5 MB.

Unloading 12 unused Assets to reduce memory usage. Loaded Objects now: 2288.
Total: 2.207167 ms (FindLiveObjects: 0.155166 ms CreateObjectMapping: 0.035959 ms MarkObjects: 1.604416 ms  DeleteObjects: 0.410625 ms)

========================================================================
Received Prepare
Registering precompiled user dll's ...
Registered in 0.000741 seconds.
Begin MonoManager ReloadAssembly
Native extension for OSXStandalone target not found
Refreshing native plugins compatible for Editor in 0.42 ms, found 2 plugins.
Preloading 0 native plugins for Editor in 0.00 ms.
Invoked RoslynAnalysisRunner static constructor.
RoslynAnalysisRunner will not be running.
RoslynAnalysisRunner has terminated.
Mono: successfully reloaded assembly
- Completed reload, in  2.118 seconds
Platform modules already initialized, skipping
Refreshing native plugins compatible for Editor in 0.29 ms, found 2 plugins.
Preloading 0 native plugins for Editor in 0.00 ms.
Unloading 1793 Unused Serialized files (Serialized files now loaded: 0)
System memory in use before: 163.7 MB.
System memory in use after: 163.7 MB.

Unloading 12 unused Assets to reduce memory usage. Loaded Objects now: 2291.
Total: 1.516709 ms (FindLiveObjects: 0.145792 ms CreateObjectMapping: 0.048417 ms MarkObjects: 1.222958 ms  DeleteObjects: 0.098709 ms)

========================================================================
Received Prepare
Registering precompiled user dll's ...
Registered in 0.000418 seconds.
Begin MonoManager ReloadAssembly
Native extension for OSXStandalone target not found
Refreshing native plugins compatible for Editor in 0.31 ms, found 2 plugins.
Preloading 0 native plugins for Editor in 0.00 ms.
Invoked RoslynAnalysisRunner static constructor.
RoslynAnalysisRunner will not be running.
RoslynAnalysisRunner has terminated.
Mono: successfully reloaded assembly
- Completed reload, in  1.792 seconds
Platform modules already initialized, skipping
Refreshing native plugins compatible for Editor in 0.18 ms, found 2 plugins.
Preloading 0 native plugins for Editor in 0.00 ms.
Unloading 1793 Unused Serialized files (Serialized files now loaded: 0)
System memory in use before: 163.9 MB.
System memory in use after: 163.9 MB.

Unloading 12 unused Assets to reduce memory usage. Loaded Objects now: 2294.
Total: 1.433750 ms (FindLiveObjects: 0.105666 ms CreateObjectMapping: 0.034542 ms MarkObjects: 1.194500 ms  DeleteObjects: 0.098209 ms)

========================================================================
Received Prepare
Registering precompiled user dll's ...
Registered in 0.000752 seconds.
Begin MonoManager ReloadAssembly
Native extension for OSXStandalone target not found
Refreshing native plugins compatible for Editor in 0.33 ms, found 2 plugins.
Preloading 0 native plugins for Editor in 0.00 ms.
Invoked RoslynAnalysisRunner static constructor.
RoslynAnalysisRunner will not be running.
RoslynAnalysisRunner has terminated.
Mono: successfully reloaded assembly
- Completed reload, in  1.829 seconds
Platform modules already initialized, skipping
Refreshing native plugins compatible for Editor in 0.27 ms, found 2 plugins.
Preloading 0 native plugins for Editor in 0.00 ms.
Unloading 1793 Unused Serialized files (Serialized files now loaded: 0)
System memory in use before: 164.1 MB.
System memory in use after: 164.1 MB.

Unloading 12 unused Assets to reduce memory usage. Loaded Objects now: 2297.
Total: 1.792209 ms (FindLiveObjects: 0.129667 ms CreateObjectMapping: 0.035875 ms MarkObjects: 1.148666 ms  DeleteObjects: 0.477000 ms)

========================================================================
Received Prepare
Registering precompiled user dll's ...
Registered in 0.000847 seconds.
Begin MonoManager ReloadAssembly
Native extension for OSXStandalone target not found
Refreshing native plugins compatible for Editor in 0.31 ms, found 2 plugins.
Preloading 0 native plugins for Editor in 0.00 ms.
Invoked RoslynAnalysisRunner static constructor.
RoslynAnalysisRunner will not be running.
RoslynAnalysisRunner has terminated.
Mono: successfully reloaded assembly
- Completed reload, in  2.038 seconds
Platform modules already initialized, skipping
Refreshing native plugins compatible for Editor in 0.27 ms, found 2 plugins.
Preloading 0 native plugins for Editor in 0.00 ms.
Unloading 1793 Unused Serialized files (Serialized files now loaded: 0)
System memory in use before: 164.3 MB.
System memory in use after: 164.3 MB.

Unloading 12 unused Assets to reduce memory usage. Loaded Objects now: 2300.
Total: 1.772208 ms (FindLiveObjects: 0.120250 ms CreateObjectMapping: 0.034875 ms MarkObjects: 1.177292 ms  DeleteObjects: 0.438834 ms)

========================================================================
Received Prepare
Registering precompiled user dll's ...
Registered in 0.000396 seconds.
Begin MonoManager ReloadAssembly
Native extension for OSXStandalone target not found
Refreshing native plugins compatible for Editor in 0.32 ms, found 2 plugins.
Preloading 0 native plugins for Editor in 0.00 ms.
Invoked RoslynAnalysisRunner static constructor.
RoslynAnalysisRunner will not be running.
RoslynAnalysisRunner has terminated.
Mono: successfully reloaded assembly
- Completed reload, in  1.775 seconds
Platform modules already initialized, skipping
Refreshing native plugins compatible for Editor in 0.18 ms, found 2 plugins.
Preloading 0 native plugins for Editor in 0.00 ms.
Unloading 1793 Unused Serialized files (Serialized files now loaded: 0)
System memory in use before: 164.5 MB.
System memory in use after: 164.5 MB.

Unloading 12 unused Assets to reduce memory usage. Loaded Objects now: 2303.
Total: 2.087125 ms (FindLiveObjects: 0.106417 ms CreateObjectMapping: 0.037208 ms MarkObjects: 1.852542 ms  DeleteObjects: 0.090250 ms)

========================================================================
Received Prepare
Registering precompiled user dll's ...
Registered in 0.000571 seconds.
Begin MonoManager ReloadAssembly
Native extension for OSXStandalone target not found
Refreshing native plugins compatible for Editor in 0.31 ms, found 2 plugins.
Preloading 0 native plugins for Editor in 0.00 ms.
Invoked RoslynAnalysisRunner static constructor.
RoslynAnalysisRunner will not be running.
RoslynAnalysisRunner has terminated.
Mono: successfully reloaded assembly
- Completed reload, in  1.745 seconds
Platform modules already initialized, skipping
Refreshing native plugins compatible for Editor in 0.24 ms, found 2 plugins.
Preloading 0 native plugins for Editor in 0.00 ms.
Unloading 1793 Unused Serialized files (Serialized files now loaded: 0)
System memory in use before: 164.7 MB.
System memory in use after: 164.7 MB.

Unloading 12 unused Assets to reduce memory usage. Loaded Objects now: 2306.
Total: 1.408209 ms (FindLiveObjects: 0.129083 ms CreateObjectMapping: 0.036041 ms MarkObjects: 1.139667 ms  DeleteObjects: 0.102542 ms)

========================================================================
Received Prepare
Registering precompiled user dll's ...
Registered in 0.001566 seconds.
Begin MonoManager ReloadAssembly
Native extension for OSXStandalone target not found
Refreshing native plugins compatible for Editor in 0.48 ms, found 2 plugins.
Preloading 0 native plugins for Editor in 0.00 ms.
Invoked RoslynAnalysisRunner static constructor.
RoslynAnalysisRunner will not be running.
RoslynAnalysisRunner has terminated.
Mono: successfully reloaded assembly
- Completed reload, in  2.247 seconds
Platform modules already initialized, skipping
Refreshing native plugins compatible for Editor in 0.31 ms, found 2 plugins.
Preloading 0 native plugins for Editor in 0.00 ms.
Unloading 1793 Unused Serialized files (Serialized files now loaded: 0)
System memory in use before: 164.9 MB.
System memory in use after: 164.9 MB.

Unloading 12 unused Assets to reduce memory usage. Loaded Objects now: 2309.
Total: 1.470167 ms (FindLiveObjects: 0.166458 ms CreateObjectMapping: 0.034916 ms MarkObjects: 1.162542 ms  DeleteObjects: 0.105375 ms)

========================================================================
Received Prepare
Registering precompiled user dll's ...
Registered in 0.000656 seconds.
Begin MonoManager ReloadAssembly
Native extension for OSXStandalone target not found
Refreshing native plugins compatible for Editor in 0.31 ms, found 2 plugins.
Preloading 0 native plugins for Editor in 0.00 ms.
Invoked RoslynAnalysisRunner static constructor.
RoslynAnalysisRunner will not be running.
RoslynAnalysisRunner has terminated.
Mono: successfully reloaded assembly
- Completed reload, in  1.845 seconds
Platform modules already initialized, skipping
Refreshing native plugins compatible for Editor in 0.23 ms, found 2 plugins.
Preloading 0 native plugins for Editor in 0.00 ms.
Unloading 1793 Unused Serialized files (Serialized files now loaded: 0)
System memory in use before: 165.1 MB.
System memory in use after: 165.1 MB.

Unloading 12 unused Assets to reduce memory usage. Loaded Objects now: 2312.
Total: 1.307791 ms (FindLiveObjects: 0.105750 ms CreateObjectMapping: 0.035250 ms MarkObjects: 1.077375 ms  DeleteObjects: 0.088625 ms)

========================================================================
Received Import Request.
  Time since last request: 1279.432909 seconds.
  path: Assets/Animations/PacMan/RotateDown.anim
  artifactKey: Guid(defd1ed559afd4946aa73f9131dc6b39) Importer(815301076,1909f56bfc062723c751e8b465ee728b)
Start importing Assets/Animations/PacMan/RotateDown.anim using Guid(defd1ed559afd4946aa73f9131dc6b39) Importer(815301076,1909f56bfc062723c751e8b465ee728b)  -> (artifact id: '67113acf5dde78cb266cbc89cb9845a5') in 0.034112 seconds
  Import took 0.037391 seconds .

========================================================================
Received Import Request.
  Time since last request: 0.003064 seconds.
  path: Assets/Animations/PacMan/RotateDown.anim
  artifactKey: Guid(defd1ed559afd4946aa73f9131dc6b39) Importer(815301076,1909f56bfc062723c751e8b465ee728b)
Start importing Assets/Animations/PacMan/RotateDown.anim using Guid(defd1ed559afd4946aa73f9131dc6b39) Importer(815301076,1909f56bfc062723c751e8b465ee728b)  -> (artifact id: '67113acf5dde78cb266cbc89cb9845a5') in 0.001650 seconds
  Import took 0.003974 seconds .

========================================================================
Received Import Request.
  Time since last request: 12.865787 seconds.
  path: Assets/Animations/PacMan/Rotate.anim
  artifactKey: Guid(80cf59cc1d0e6486286a3f74462f0e50) Importer(815301076,1909f56bfc062723c751e8b465ee728b)
Start importing Assets/Animations/PacMan/Rotate.anim using Guid(80cf59cc1d0e6486286a3f74462f0e50) Importer(815301076,1909f56bfc062723c751e8b465ee728b)  -> (artifact id: 'a197addf15ff85a925fcd60f49d1e2dc') in 0.001390 seconds
  Import took 0.004601 seconds .

========================================================================
Received Prepare
Registering precompiled user dll's ...
Registered in 0.000890 seconds.
Begin MonoManager ReloadAssembly
Native extension for OSXStandalone target not found
Refreshing native plugins compatible for Editor in 0.30 ms, found 2 plugins.
Preloading 0 native plugins for Editor in 0.00 ms.
Invoked RoslynAnalysisRunner static constructor.
RoslynAnalysisRunner will not be running.
RoslynAnalysisRunner has terminated.
Mono: successfully reloaded assembly
- Completed reload, in  2.012 seconds
Platform modules already initialized, skipping
Refreshing native plugins compatible for Editor in 0.27 ms, found 2 plugins.
Preloading 0 native plugins for Editor in 0.00 ms.
Unloading 1793 Unused Serialized files (Serialized files now loaded: 0)
System memory in use before: 165.8 MB.
System memory in use after: 165.8 MB.

Unloading 12 unused Assets to reduce memory usage. Loaded Objects now: 2315.
Total: 2.630250 ms (FindLiveObjects: 0.777292 ms CreateObjectMapping: 0.050833 ms MarkObjects: 1.701125 ms  DeleteObjects: 0.100083 ms)

========================================================================
Received Import Request.
  Time since last request: 308.840876 seconds.
  path: Assets/Animations/Pellets
  artifactKey: Guid(b891456254e8a438e9bd2ff5f9c258d6) Importer(815301076,1909f56bfc062723c751e8b465ee728b)
Start importing Assets/Animations/Pellets using Guid(b891456254e8a438e9bd2ff5f9c258d6) Importer(815301076,1909f56bfc062723c751e8b465ee728b)  -> (artifact id: 'dda34a099e916e028a75bf28dcfe351e') in 0.015880 seconds
  Import took 0.021991 seconds .

========================================================================
Received Import Request.
  Time since last request: 48.122934 seconds.
  path: Assets/Sprites/Pellet_Power.png
  artifactKey: Guid(35c5aedda1838480f865529f73c516e6) Importer(815301076,1909f56bfc062723c751e8b465ee728b)
Start importing Assets/Sprites/Pellet_Power.png using Guid(35c5aedda1838480f865529f73c516e6) Importer(815301076,1909f56bfc062723c751e8b465ee728b)  -> (artifact id: '566ecc11bdb508268923e4e45868aef1') in 0.204583 seconds
  Import took 0.207092 seconds .

========================================================================
Received Import Request.
  Time since last request: 220.627988 seconds.
  path: Assets/Animations/Pellets/New Animation.anim
  artifactKey: Guid(0d1e97fb4a8e940168e661549b3a8052) Importer(815301076,1909f56bfc062723c751e8b465ee728b)
Start importing Assets/Animations/Pellets/New Animation.anim using Guid(0d1e97fb4a8e940168e661549b3a8052) Importer(815301076,1909f56bfc062723c751e8b465ee728b)  -> (artifact id: 'a9b216d69ca802e632d5ae97e8d95018') in 0.014196 seconds
  Import took 0.018043 seconds .

========================================================================
Received Import Request.
  Time since last request: 0.016119 seconds.
  path: Assets/Animations/Pellets/New Animation.anim
  artifactKey: Guid(0d1e97fb4a8e940168e661549b3a8052) Importer(815301076,1909f56bfc062723c751e8b465ee728b)
Start importing Assets/Animations/Pellets/New Animation.anim using Guid(0d1e97fb4a8e940168e661549b3a8052) Importer(815301076,1909f56bfc062723c751e8b465ee728b)  -> (artifact id: 'a9b216d69ca802e632d5ae97e8d95018') in 0.001311 seconds
  Import took 0.003583 seconds .

========================================================================
Received Prepare
Registering precompiled user dll's ...
Registered in 0.000765 seconds.
Begin MonoManager ReloadAssembly
Native extension for OSXStandalone target not found
Refreshing native plugins compatible for Editor in 0.31 ms, found 2 plugins.
Preloading 0 native plugins for Editor in 0.00 ms.
Invoked RoslynAnalysisRunner static constructor.
RoslynAnalysisRunner will not be running.
RoslynAnalysisRunner has terminated.
Mono: successfully reloaded assembly
- Completed reload, in  2.048 seconds
Platform modules already initialized, skipping
Refreshing native plugins compatible for Editor in 0.26 ms, found 2 plugins.
Preloading 0 native plugins for Editor in 0.00 ms.
Unloading 1793 Unused Serialized files (Serialized files now loaded: 0)
System memory in use before: 166.1 MB.
System memory in use after: 166.1 MB.

Unloading 12 unused Assets to reduce memory usage. Loaded Objects now: 2320.
Total: 1.480750 ms (FindLiveObjects: 0.167292 ms CreateObjectMapping: 0.035458 ms MarkObjects: 1.184792 ms  DeleteObjects: 0.092333 ms)

========================================================================
Received Import Request.
  Time since last request: 6.625066 seconds.
  path: Assets/Animations/Pellets/Sprite.controller
  artifactKey: Guid(7d73d9d1e393c4c2e9c9775c2310b6a8) Importer(815301076,1909f56bfc062723c751e8b465ee728b)
Start importing Assets/Animations/Pellets/Sprite.controller using Guid(7d73d9d1e393c4c2e9c9775c2310b6a8) Importer(815301076,1909f56bfc062723c751e8b465ee728b)  -> (artifact id: 'df14a79f850c0333a1d79cbe56ed31d6') in 0.031307 seconds
  Import took 0.033690 seconds .

========================================================================
Received Import Request.
  Time since last request: 0.000321 seconds.
  path: Assets/Animations/Pellets/Flash.anim
  artifactKey: Guid(0d1e97fb4a8e940168e661549b3a8052) Importer(815301076,1909f56bfc062723c751e8b465ee728b)
Start importing Assets/Animations/Pellets/Flash.anim using Guid(0d1e97fb4a8e940168e661549b3a8052) Importer(815301076,1909f56bfc062723c751e8b465ee728b)  -> (artifact id: 'd82aecd6dccc110b8afb188a9d9ff82f') in 0.003827 seconds
  Import took 0.005827 seconds .

========================================================================
Received Prepare
Registering precompiled user dll's ...
Registered in 0.001113 seconds.
Begin MonoManager ReloadAssembly
Native extension for OSXStandalone target not found
Refreshing native plugins compatible for Editor in 0.30 ms, found 2 plugins.
Preloading 0 native plugins for Editor in 0.00 ms.
Invoked RoslynAnalysisRunner static constructor.
RoslynAnalysisRunner will not be running.
RoslynAnalysisRunner has terminated.
Mono: successfully reloaded assembly
- Completed reload, in  1.869 seconds
Platform modules already initialized, skipping
Refreshing native plugins compatible for Editor in 0.25 ms, found 2 plugins.
Preloading 0 native plugins for Editor in 0.00 ms.
Unloading 1793 Unused Serialized files (Serialized files now loaded: 0)
System memory in use before: 166.3 MB.
System memory in use after: 166.3 MB.

Unloading 12 unused Assets to reduce memory usage. Loaded Objects now: 2323.
Total: 1.379083 ms (FindLiveObjects: 0.120542 ms CreateObjectMapping: 0.035417 ms MarkObjects: 1.133125 ms  DeleteObjects: 0.089208 ms)

========================================================================
Received Import Request.
  Time since last request: 61.617397 seconds.
  path: Assets/Prefabs/PowerPellet.prefab
  artifactKey: Guid(4dc1e41d92ad640339dfa5b0f08f5fd8) Importer(815301076,1909f56bfc062723c751e8b465ee728b)
Start importing Assets/Prefabs/PowerPellet.prefab using Guid(4dc1e41d92ad640339dfa5b0f08f5fd8) Importer(815301076,1909f56bfc062723c751e8b465ee728b)  -> (artifact id: '350a88e3334f0d02d9527b21a477b520') in 0.379678 seconds
  Import took 0.382549 seconds .

========================================================================
Received Import Request.
  Time since last request: 1.543053 seconds.
  path: Assets/Prefabs/PacMan.prefab
  artifactKey: Guid(61613adf978b7441a87fe61690e213ef) Importer(815301076,1909f56bfc062723c751e8b465ee728b)
Start importing Assets/Prefabs/PacMan.prefab using Guid(61613adf978b7441a87fe61690e213ef) Importer(815301076,1909f56bfc062723c751e8b465ee728b)  -> (artifact id: '6c4335c8e5ea8f1780dfaf082d54881b') in 0.017276 seconds
  Import took 0.019785 seconds .

========================================================================
Received Import Request.
  Time since last request: 0.008534 seconds.
  path: Assets/Prefabs/PacMan.prefab
  artifactKey: Guid(61613adf978b7441a87fe61690e213ef) Importer(815301076,1909f56bfc062723c751e8b465ee728b)
Start importing Assets/Prefabs/PacMan.prefab using Guid(61613adf978b7441a87fe61690e213ef) Importer(815301076,1909f56bfc062723c751e8b465ee728b)  -> (artifact id: '6c4335c8e5ea8f1780dfaf082d54881b') in 0.010227 seconds
  Import took 0.012710 seconds .

========================================================================
Received Import Request.
  Time since last request: 153.799960 seconds.
  path: Assets/Animations/New Folder
  artifactKey: Guid(fde8c712203194571afc3bbe83ac469d) Importer(815301076,1909f56bfc062723c751e8b465ee728b)
Start importing Assets/Animations/New Folder using Guid(fde8c712203194571afc3bbe83ac469d) Importer(815301076,1909f56bfc062723c751e8b465ee728b)  -> (artifact id: '830a2f4c2e84a0c5f4d2b0d7fc0111e4') in 0.006057 seconds
  Import took 0.015720 seconds .

========================================================================
Received Import Request.
  Time since last request: 4.493893 seconds.
  path: Assets/Animations/Ghosts
  artifactKey: Guid(fde8c712203194571afc3bbe83ac469d) Importer(815301076,1909f56bfc062723c751e8b465ee728b)
Start importing Assets/Animations/Ghosts using Guid(fde8c712203194571afc3bbe83ac469d) Importer(815301076,1909f56bfc062723c751e8b465ee728b)  -> (artifact id: '633d0b2d86117092b18c8a1c35acb196') in 0.000900 seconds
  Import took 0.003315 seconds .

========================================================================
Received Import Request.
  Time since last request: 21.430137 seconds.
  path: Assets/Animations/Ghosts/New Folder
  artifactKey: Guid(0cee6d6908a694cc6bd31f14f795d247) Importer(815301076,1909f56bfc062723c751e8b465ee728b)
Start importing Assets/Animations/Ghosts/New Folder using Guid(0cee6d6908a694cc6bd31f14f795d247) Importer(815301076,1909f56bfc062723c751e8b465ee728b)  -> (artifact id: 'fef32bde15207bc93cc2449f769b3256') in 0.001183 seconds
  Import took 0.003900 seconds .

========================================================================
Received Import Request.
  Time since last request: 14.771086 seconds.
  path: Assets/Animations/Ghosts/Red
  artifactKey: Guid(0cee6d6908a694cc6bd31f14f795d247) Importer(815301076,1909f56bfc062723c751e8b465ee728b)
Start importing Assets/Animations/Ghosts/Red using Guid(0cee6d6908a694cc6bd31f14f795d247) Importer(815301076,1909f56bfc062723c751e8b465ee728b)  -> (artifact id: '1b9186083995861815d59e8075b1374e') in 0.002012 seconds
  Import took 0.005016 seconds .

========================================================================
Received Import Request.
  Time since last request: 5.587908 seconds.
  path: Assets/Animations/Ghosts/Pink
  artifactKey: Guid(959e8f2db6c0b471db7f965ed13288b8) Importer(815301076,1909f56bfc062723c751e8b465ee728b)
Start importing Assets/Animations/Ghosts/Pink using Guid(959e8f2db6c0b471db7f965ed13288b8) Importer(815301076,1909f56bfc062723c751e8b465ee728b)  -> (artifact id: '9bf3c7be87d3c27912a4e9e412046ba6') in 0.002158 seconds
  Import took 0.004985 seconds .

========================================================================
Received Import Request.
  Time since last request: 5.112300 seconds.
  path: Assets/Animations/Ghosts/Green
  artifactKey: Guid(ed8ef6a080f934d02a572dac0388787f) Importer(815301076,1909f56bfc062723c751e8b465ee728b)
Start importing Assets/Animations/Ghosts/Green using Guid(ed8ef6a080f934d02a572dac0388787f) Importer(815301076,1909f56bfc062723c751e8b465ee728b)  -> (artifact id: '731a7172ec3f01075063d8b8294b4c77') in 0.001384 seconds
  Import took 0.004836 seconds .

========================================================================
Received Import Request.
  Time since last request: 6.691019 seconds.
  path: Assets/Animations/Ghosts/Blue
  artifactKey: Guid(e5efc30fd174c4f7d836149ec1e3f04d) Importer(815301076,1909f56bfc062723c751e8b465ee728b)
Start importing Assets/Animations/Ghosts/Blue using Guid(e5efc30fd174c4f7d836149ec1e3f04d) Importer(815301076,1909f56bfc062723c751e8b465ee728b)  -> (artifact id: '437561769f7fbb8877ac17992dfa9843') in 0.001314 seconds
  Import took 0.003775 seconds .

========================================================================
Received Prepare
Registering precompiled user dll's ...
Registered in 0.000902 seconds.
Begin MonoManager ReloadAssembly
Native extension for OSXStandalone target not found
Refreshing native plugins compatible for Editor in 0.30 ms, found 2 plugins.
Preloading 0 native plugins for Editor in 0.00 ms.
Invoked RoslynAnalysisRunner static constructor.
RoslynAnalysisRunner will not be running.
RoslynAnalysisRunner has terminated.
Mono: successfully reloaded assembly
- Completed reload, in  2.390 seconds
Platform modules already initialized, skipping
Refreshing native plugins compatible for Editor in 0.28 ms, found 2 plugins.
Preloading 0 native plugins for Editor in 0.00 ms.
Unloading 1793 Unused Serialized files (Serialized files now loaded: 0)
System memory in use before: 171.2 MB.
System memory in use after: 171.1 MB.

Unloading 12 unused Assets to reduce memory usage. Loaded Objects now: 2331.
Total: 2.432084 ms (FindLiveObjects: 0.770167 ms CreateObjectMapping: 0.037459 ms MarkObjects: 1.164500 ms  DeleteObjects: 0.459125 ms)

========================================================================
Received Import Request.
  Time since last request: 18182.366694 seconds.
  path: Assets/Sprites/Normal_Ghost/GhostBlue_Normal.png
  artifactKey: Guid(f8466188a231a4226b246d7141a152ca) Importer(815301076,1909f56bfc062723c751e8b465ee728b)
Start importing Assets/Sprites/Normal_Ghost/GhostBlue_Normal.png using Guid(f8466188a231a4226b246d7141a152ca) Importer(815301076,1909f56bfc062723c751e8b465ee728b)  -> (artifact id: '201cd2df8ee5be5d3627d8fd2224ff01') in 0.229077 seconds
  Import took 0.231642 seconds .

========================================================================
Received Import Request.
  Time since last request: 0.039175 seconds.
  path: Assets/Sprites/Normal_Ghost/GhostBlue_Normal.png
  artifactKey: Guid(f8466188a231a4226b246d7141a152ca) Importer(815301076,1909f56bfc062723c751e8b465ee728b)
Start importing Assets/Sprites/Normal_Ghost/GhostBlue_Normal.png using Guid(f8466188a231a4226b246d7141a152ca) Importer(815301076,1909f56bfc062723c751e8b465ee728b)  -> (artifact id: '201cd2df8ee5be5d3627d8fd2224ff01') in 0.010665 seconds
  Import took 0.013379 seconds .

========================================================================
Received Import Request.
  Time since last request: 62.962315 seconds.
  path: Assets/Animations/Ghosts/Blue/Sprite.controller
  artifactKey: Guid(e9f19a7779b034b8d9dae035e386c7b3) Importer(815301076,1909f56bfc062723c751e8b465ee728b)
Start importing Assets/Animations/Ghosts/Blue/Sprite.controller using Guid(e9f19a7779b034b8d9dae035e386c7b3) Importer(815301076,1909f56bfc062723c751e8b465ee728b)  -> (artifact id: '0c23fd3ad42f5af87ef4f126f71c3f59') in 0.016784 seconds
  Import took 0.020579 seconds .

========================================================================
Received Import Request.
  Time since last request: 1.053559 seconds.
  path: Assets/Animations/Ghosts/Blue/BlueGhost.anim
  artifactKey: Guid(fe95716ef4a3047bea3e64ca58089931) Importer(815301076,1909f56bfc062723c751e8b465ee728b)
Start importing Assets/Animations/Ghosts/Blue/BlueGhost.anim using Guid(fe95716ef4a3047bea3e64ca58089931) Importer(815301076,1909f56bfc062723c751e8b465ee728b)  -> (artifact id: '57235b7980f741df8d84c3896d2a0dbd') in 0.011553 seconds
  Import took 0.014272 seconds .

========================================================================
Received Import Request.
  Time since last request: 0.019991 seconds.
  path: Assets/Animations/Ghosts/Blue/BlueGhost.anim
  artifactKey: Guid(fe95716ef4a3047bea3e64ca58089931) Importer(815301076,1909f56bfc062723c751e8b465ee728b)
Start importing Assets/Animations/Ghosts/Blue/BlueGhost.anim using Guid(fe95716ef4a3047bea3e64ca58089931) Importer(815301076,1909f56bfc062723c751e8b465ee728b)  -> (artifact id: '57235b7980f741df8d84c3896d2a0dbd') in 0.002476 seconds
  Import took 0.005377 seconds .

========================================================================
Received Prepare
Registering precompiled user dll's ...
Registered in 0.001256 seconds.
Begin MonoManager ReloadAssembly
Native extension for OSXStandalone target not found
Refreshing native plugins compatible for Editor in 0.32 ms, found 2 plugins.
Preloading 0 native plugins for Editor in 0.00 ms.
Invoked RoslynAnalysisRunner static constructor.
RoslynAnalysisRunner will not be running.
RoslynAnalysisRunner has terminated.
Mono: successfully reloaded assembly
- Completed reload, in  2.429 seconds
Platform modules already initialized, skipping
Refreshing native plugins compatible for Editor in 0.25 ms, found 2 plugins.
Preloading 0 native plugins for Editor in 0.00 ms.
Unloading 1793 Unused Serialized files (Serialized files now loaded: 0)
System memory in use before: 171.4 MB.
System memory in use after: 171.4 MB.

Unloading 12 unused Assets to reduce memory usage. Loaded Objects now: 2336.
Total: 1.424917 ms (FindLiveObjects: 0.128042 ms CreateObjectMapping: 0.035458 ms MarkObjects: 1.162292 ms  DeleteObjects: 0.098208 ms)

========================================================================
Received Import Request.
  Time since last request: 379.045271 seconds.
  path: Assets/Animations/Ghosts/Blue/BlueGhost.anim
  artifactKey: Guid(fe95716ef4a3047bea3e64ca58089931) Importer(815301076,1909f56bfc062723c751e8b465ee728b)
Start importing Assets/Animations/Ghosts/Blue/BlueGhost.anim using Guid(fe95716ef4a3047bea3e64ca58089931) Importer(815301076,1909f56bfc062723c751e8b465ee728b)  -> (artifact id: 'a5d0f5d7edf5e6975a13a5a9ce5d362d') in 0.028634 seconds
  Import took 0.031312 seconds .

========================================================================
Received Import Request.
  Time since last request: 0.062867 seconds.
  path: Assets/Animations/Ghosts/Blue/BlueGhost.anim
  artifactKey: Guid(fe95716ef4a3047bea3e64ca58089931) Importer(815301076,1909f56bfc062723c751e8b465ee728b)
Start importing Assets/Animations/Ghosts/Blue/BlueGhost.anim using Guid(fe95716ef4a3047bea3e64ca58089931) Importer(815301076,1909f56bfc062723c751e8b465ee728b)  -> (artifact id: 'a5d0f5d7edf5e6975a13a5a9ce5d362d') in 0.002535 seconds
  Import took 0.005280 seconds .

========================================================================
Received Import Request.
  Time since last request: 1.430024 seconds.
  path: Assets/Animations/Ghosts/Blue/Sprite.controller
  artifactKey: Guid(e9f19a7779b034b8d9dae035e386c7b3) Importer(815301076,1909f56bfc062723c751e8b465ee728b)
Start importing Assets/Animations/Ghosts/Blue/Sprite.controller using Guid(e9f19a7779b034b8d9dae035e386c7b3) Importer(815301076,1909f56bfc062723c751e8b465ee728b)  -> (artifact id: '5a37e2a89210356c6de142e9de4246d3') in 0.009944 seconds
  Import took 0.013330 seconds .

========================================================================
Received Import Request.
  Time since last request: 17.237843 seconds.
  path: Assets/Animations/PacMan/Sprite.controller
  artifactKey: Guid(f0365267a320b422987a0b36169e3db5) Importer(815301076,1909f56bfc062723c751e8b465ee728b)
Start importing Assets/Animations/PacMan/Sprite.controller using Guid(f0365267a320b422987a0b36169e3db5) Importer(815301076,1909f56bfc062723c751e8b465ee728b)  -> (artifact id: 'f151ca57bf93a07e8698167d5ea52b02') in 0.005722 seconds
  Import took 0.009993 seconds .

========================================================================
Received Prepare
Registering precompiled user dll's ...
Registered in 0.000993 seconds.
Begin MonoManager ReloadAssembly
Native extension for OSXStandalone target not found
Refreshing native plugins compatible for Editor in 0.30 ms, found 2 plugins.
Preloading 0 native plugins for Editor in 0.00 ms.
Invoked RoslynAnalysisRunner static constructor.
RoslynAnalysisRunner will not be running.
RoslynAnalysisRunner has terminated.
Mono: successfully reloaded assembly
- Completed reload, in  1.977 seconds
Platform modules already initialized, skipping
Refreshing native plugins compatible for Editor in 0.24 ms, found 2 plugins.
Preloading 0 native plugins for Editor in 0.00 ms.
Unloading 1793 Unused Serialized files (Serialized files now loaded: 0)
System memory in use before: 171.7 MB.
System memory in use after: 171.6 MB.

Unloading 12 unused Assets to reduce memory usage. Loaded Objects now: 2339.
Total: 1.422625 ms (FindLiveObjects: 0.116417 ms CreateObjectMapping: 0.033958 ms MarkObjects: 1.182792 ms  DeleteObjects: 0.088584 ms)

========================================================================
Received Import Request.
  Time since last request: 163.059526 seconds.
  path: Assets/Animations/Ghosts/Blue/GhostAnimator_Blue.controller
  artifactKey: Guid(e9f19a7779b034b8d9dae035e386c7b3) Importer(815301076,1909f56bfc062723c751e8b465ee728b)
Start importing Assets/Animations/Ghosts/Blue/GhostAnimator_Blue.controller using Guid(e9f19a7779b034b8d9dae035e386c7b3) Importer(815301076,1909f56bfc062723c751e8b465ee728b)  -> (artifact id: '6b6f9ec4b34124e8d10bef372008f4ee') in 0.076049 seconds
  Import took 0.112240 seconds .

========================================================================
Received Import Request.
  Time since last request: 10.665183 seconds.
  path: Assets/Animations/PacMan/PacMan.controller
  artifactKey: Guid(f0365267a320b422987a0b36169e3db5) Importer(815301076,1909f56bfc062723c751e8b465ee728b)
Start importing Assets/Animations/PacMan/PacMan.controller using Guid(f0365267a320b422987a0b36169e3db5) Importer(815301076,1909f56bfc062723c751e8b465ee728b)  -> (artifact id: '3967f2c1f24239218c20862e7b827775') in 0.006119 seconds
  Import took 0.010170 seconds .

========================================================================
Received Import Request.
  Time since last request: 3.081133 seconds.
  path: Assets/Animations/Pellets/Sprite.controller
  artifactKey: Guid(7d73d9d1e393c4c2e9c9775c2310b6a8) Importer(815301076,1909f56bfc062723c751e8b465ee728b)
Start importing Assets/Animations/Pellets/Sprite.controller using Guid(7d73d9d1e393c4c2e9c9775c2310b6a8) Importer(815301076,1909f56bfc062723c751e8b465ee728b)  -> (artifact id: '91d7e8de9fb665fc83449cd31d16abff') in 0.005132 seconds
  Import took 0.010355 seconds .

========================================================================
Received Import Request.
  Time since last request: 6.955692 seconds.
  path: Assets/Animations/Pellets/PelletsAnimator.controller
  artifactKey: Guid(7d73d9d1e393c4c2e9c9775c2310b6a8) Importer(815301076,1909f56bfc062723c751e8b465ee728b)
Start importing Assets/Animations/Pellets/PelletsAnimator.controller using Guid(7d73d9d1e393c4c2e9c9775c2310b6a8) Importer(815301076,1909f56bfc062723c751e8b465ee728b)  -> (artifact id: '0112ddf012a9ee20241ac31b5379304b') in 0.003431 seconds
  Import took 0.006169 seconds .

========================================================================
Received Prepare
Registering precompiled user dll's ...
Registered in 0.001134 seconds.
Begin MonoManager ReloadAssembly
Native extension for OSXStandalone target not found
Refreshing native plugins compatible for Editor in 0.56 ms, found 2 plugins.
Preloading 0 native plugins for Editor in 0.00 ms.
Invoked RoslynAnalysisRunner static constructor.
RoslynAnalysisRunner will not be running.
RoslynAnalysisRunner has terminated.
Mono: successfully reloaded assembly
- Completed reload, in  2.336 seconds
Platform modules already initialized, skipping
Refreshing native plugins compatible for Editor in 0.29 ms, found 2 plugins.
Preloading 0 native plugins for Editor in 0.00 ms.
Unloading 1793 Unused Serialized files (Serialized files now loaded: 0)
System memory in use before: 171.9 MB.
System memory in use after: 171.9 MB.

Unloading 12 unused Assets to reduce memory usage. Loaded Objects now: 2342.
Total: 2.647042 ms (FindLiveObjects: 0.188708 ms CreateObjectMapping: 0.042084 ms MarkObjects: 2.316833 ms  DeleteObjects: 0.098333 ms)

========================================================================
Received Prepare
Registering precompiled user dll's ...
Registered in 0.001037 seconds.
Begin MonoManager ReloadAssembly
Native extension for OSXStandalone target not found
Refreshing native plugins compatible for Editor in 0.29 ms, found 2 plugins.
Preloading 0 native plugins for Editor in 0.00 ms.
Invoked RoslynAnalysisRunner static constructor.
RoslynAnalysisRunner will not be running.
RoslynAnalysisRunner has terminated.
Mono: successfully reloaded assembly
- Completed reload, in  2.109 seconds
Platform modules already initialized, skipping
Refreshing native plugins compatible for Editor in 0.26 ms, found 2 plugins.
Preloading 0 native plugins for Editor in 0.00 ms.
Unloading 1793 Unused Serialized files (Serialized files now loaded: 0)
System memory in use before: 172.1 MB.
System memory in use after: 172.1 MB.

Unloading 12 unused Assets to reduce memory usage. Loaded Objects now: 2345.
Total: 1.438917 ms (FindLiveObjects: 0.146583 ms CreateObjectMapping: 0.035458 ms MarkObjects: 1.157875 ms  DeleteObjects: 0.098042 ms)

========================================================================
Received Import Request.
  Time since last request: 343.140969 seconds.
  path: Assets/Sprites/Ghost_Scared.png
  artifactKey: Guid(1358d2d302bc84848822e008cde13639) Importer(815301076,1909f56bfc062723c751e8b465ee728b)
Start importing Assets/Sprites/Ghost_Scared.png using Guid(1358d2d302bc84848822e008cde13639) Importer(815301076,1909f56bfc062723c751e8b465ee728b)  -> (artifact id: 'ead2f1d12144a351e8b090b908aeb3a4') in 0.190161 seconds
  Import took 0.196527 seconds .

========================================================================
Received Import Request.
  Time since last request: 52.425624 seconds.
  path: Assets/Animations/Ghosts/Blue/BlueScared.anim
  artifactKey: Guid(f137b0ce198b94193806514cbf51764f) Importer(815301076,1909f56bfc062723c751e8b465ee728b)
Start importing Assets/Animations/Ghosts/Blue/BlueScared.anim using Guid(f137b0ce198b94193806514cbf51764f) Importer(815301076,1909f56bfc062723c751e8b465ee728b)  -> (artifact id: 'b844c54113efe869c6d6c42622104028') in 0.007196 seconds
  Import took 0.010549 seconds .

========================================================================
Received Import Request.
  Time since last request: 0.059732 seconds.
  path: Assets/Animations/Ghosts/Blue/BlueScared.anim
  artifactKey: Guid(f137b0ce198b94193806514cbf51764f) Importer(815301076,1909f56bfc062723c751e8b465ee728b)
Start importing Assets/Animations/Ghosts/Blue/BlueScared.anim using Guid(f137b0ce198b94193806514cbf51764f) Importer(815301076,1909f56bfc062723c751e8b465ee728b)  -> (artifact id: 'b844c54113efe869c6d6c42622104028') in 0.002630 seconds
  Import took 0.007066 seconds .

========================================================================
Received Import Request.
  Time since last request: 6.153618 seconds.
  path: Assets/Animations/Ghosts/Blue/Scared.anim
  artifactKey: Guid(f137b0ce198b94193806514cbf51764f) Importer(815301076,1909f56bfc062723c751e8b465ee728b)
Start importing Assets/Animations/Ghosts/Blue/Scared.anim using Guid(f137b0ce198b94193806514cbf51764f) Importer(815301076,1909f56bfc062723c751e8b465ee728b)  -> (artifact id: '8d67cab31e760eb2e09c0a1c97360a3f') in 0.002734 seconds
  Import took 0.005415 seconds .

========================================================================
Received Prepare
Registering precompiled user dll's ...
Registered in 0.001695 seconds.
Begin MonoManager ReloadAssembly
Native extension for OSXStandalone target not found
Refreshing native plugins compatible for Editor in 0.32 ms, found 2 plugins.
Preloading 0 native plugins for Editor in 0.00 ms.
Invoked RoslynAnalysisRunner static constructor.
RoslynAnalysisRunner will not be running.
RoslynAnalysisRunner has terminated.
Mono: successfully reloaded assembly
- Completed reload, in  2.185 seconds
Platform modules already initialized, skipping
Refreshing native plugins compatible for Editor in 0.28 ms, found 2 plugins.
Preloading 0 native plugins for Editor in 0.00 ms.
Unloading 1793 Unused Serialized files (Serialized files now loaded: 0)
System memory in use before: 172.4 MB.
System memory in use after: 172.4 MB.

Unloading 12 unused Assets to reduce memory usage. Loaded Objects now: 2349.
Total: 6.792500 ms (FindLiveObjects: 0.772625 ms CreateObjectMapping: 0.040916 ms MarkObjects: 5.858334 ms  DeleteObjects: 0.119750 ms)

========================================================================
Received Import Request.
  Time since last request: 785.406543 seconds.
  path: Assets/Animations/Ghosts/Blue/Rotate.anim
  artifactKey: Guid(3c79dad91e5e342a8bf0bc7ed995a442) Importer(815301076,1909f56bfc062723c751e8b465ee728b)
Start importing Assets/Animations/Ghosts/Blue/Rotate.anim using Guid(3c79dad91e5e342a8bf0bc7ed995a442) Importer(815301076,1909f56bfc062723c751e8b465ee728b)  -> (artifact id: '4ab83df419f1d3bdc8b9dadb72003d0c') in 0.037573 seconds
  Import took 0.041938 seconds .

========================================================================
Received Prepare
Registering precompiled user dll's ...
Registered in 0.001193 seconds.
Begin MonoManager ReloadAssembly
Native extension for OSXStandalone target not found
Refreshing native plugins compatible for Editor in 0.36 ms, found 2 plugins.
Preloading 0 native plugins for Editor in 0.00 ms.
Invoked RoslynAnalysisRunner static constructor.
RoslynAnalysisRunner will not be running.
RoslynAnalysisRunner has terminated.
Mono: successfully reloaded assembly
- Completed reload, in  2.228 seconds
Platform modules already initialized, skipping
Refreshing native plugins compatible for Editor in 0.26 ms, found 2 plugins.
Preloading 0 native plugins for Editor in 0.00 ms.
Unloading 1793 Unused Serialized files (Serialized files now loaded: 0)
System memory in use before: 172.7 MB.
System memory in use after: 172.8 MB.

Unloading 12 unused Assets to reduce memory usage. Loaded Objects now: 2352.
Total: 1.844875 ms (FindLiveObjects: 0.524917 ms CreateObjectMapping: 0.039917 ms MarkObjects: 1.184958 ms  DeleteObjects: 0.094250 ms)

========================================================================
Received Import Request.
  Time since last request: 235.745314 seconds.
  path: Assets/Sprites/Ghost_Dead.png
  artifactKey: Guid(6e176ddf13b174b15ac1bf5ac11337e2) Importer(815301076,1909f56bfc062723c751e8b465ee728b)
Start importing Assets/Sprites/Ghost_Dead.png using Guid(6e176ddf13b174b15ac1bf5ac11337e2) Importer(815301076,1909f56bfc062723c751e8b465ee728b)  -> (artifact id: 'e53ffbfe8233927847511213dff2b4b5') in 0.164857 seconds
  Import took 0.167875 seconds .

========================================================================
Received Prepare
Registering precompiled user dll's ...
Registered in 0.001219 seconds.
Begin MonoManager ReloadAssembly
Native extension for OSXStandalone target not found
Refreshing native plugins compatible for Editor in 0.30 ms, found 2 plugins.
Preloading 0 native plugins for Editor in 0.00 ms.
Invoked RoslynAnalysisRunner static constructor.
RoslynAnalysisRunner will not be running.
RoslynAnalysisRunner has terminated.
Mono: successfully reloaded assembly
- Completed reload, in  2.065 seconds
Platform modules already initialized, skipping
Refreshing native plugins compatible for Editor in 0.27 ms, found 2 plugins.
Preloading 0 native plugins for Editor in 0.00 ms.
Unloading 1793 Unused Serialized files (Serialized files now loaded: 0)
System memory in use before: 173.0 MB.
System memory in use after: 173.0 MB.

Unloading 12 unused Assets to reduce memory usage. Loaded Objects now: 2356.
Total: 1.507458 ms (FindLiveObjects: 0.125667 ms CreateObjectMapping: 0.040458 ms MarkObjects: 1.249375 ms  DeleteObjects: 0.090916 ms)

========================================================================
Received Prepare
Registering precompiled user dll's ...
Registered in 0.001236 seconds.
Begin MonoManager ReloadAssembly
Native extension for OSXStandalone target not found
Refreshing native plugins compatible for Editor in 0.32 ms, found 2 plugins.
Preloading 0 native plugins for Editor in 0.00 ms.
Invoked RoslynAnalysisRunner static constructor.
RoslynAnalysisRunner will not be running.
RoslynAnalysisRunner has terminated.
Mono: successfully reloaded assembly
- Completed reload, in  2.034 seconds
Platform modules already initialized, skipping
Refreshing native plugins compatible for Editor in 0.31 ms, found 2 plugins.
Preloading 0 native plugins for Editor in 0.00 ms.
Unloading 1793 Unused Serialized files (Serialized files now loaded: 0)
System memory in use before: 173.2 MB.
System memory in use after: 173.2 MB.

Unloading 12 unused Assets to reduce memory usage. Loaded Objects now: 2359.
Total: 1.410083 ms (FindLiveObjects: 0.132000 ms CreateObjectMapping: 0.035875 ms MarkObjects: 1.151459 ms  DeleteObjects: 0.089958 ms)

========================================================================
Received Prepare
Registering precompiled user dll's ...
Registered in 0.000881 seconds.
Begin MonoManager ReloadAssembly
Native extension for OSXStandalone target not found
Refreshing native plugins compatible for Editor in 0.33 ms, found 2 plugins.
Preloading 0 native plugins for Editor in 0.00 ms.
Invoked RoslynAnalysisRunner static constructor.
RoslynAnalysisRunner will not be running.
RoslynAnalysisRunner has terminated.
Mono: successfully reloaded assembly
- Completed reload, in  2.053 seconds
Platform modules already initialized, skipping
Refreshing native plugins compatible for Editor in 0.30 ms, found 2 plugins.
Preloading 0 native plugins for Editor in 0.00 ms.
Unloading 1793 Unused Serialized files (Serialized files now loaded: 0)
System memory in use before: 173.4 MB.
System memory in use after: 173.4 MB.

Unloading 12 unused Assets to reduce memory usage. Loaded Objects now: 2362.
Total: 1.731334 ms (FindLiveObjects: 0.159792 ms CreateObjectMapping: 0.035459 ms MarkObjects: 1.432542 ms  DeleteObjects: 0.102750 ms)

========================================================================
Received Prepare
Registering precompiled user dll's ...
Registered in 0.001128 seconds.
Begin MonoManager ReloadAssembly
Native extension for OSXStandalone target not found
Refreshing native plugins compatible for Editor in 0.33 ms, found 2 plugins.
Preloading 0 native plugins for Editor in 0.00 ms.
Invoked RoslynAnalysisRunner static constructor.
RoslynAnalysisRunner will not be running.
RoslynAnalysisRunner has terminated.
Mono: successfully reloaded assembly
- Completed reload, in  2.134 seconds
Platform modules already initialized, skipping
Refreshing native plugins compatible for Editor in 0.27 ms, found 2 plugins.
Preloading 0 native plugins for Editor in 0.00 ms.
Unloading 1793 Unused Serialized files (Serialized files now loaded: 0)
System memory in use before: 173.6 MB.
System memory in use after: 173.6 MB.

Unloading 12 unused Assets to reduce memory usage. Loaded Objects now: 2365.
Total: 1.408042 ms (FindLiveObjects: 0.140917 ms CreateObjectMapping: 0.035791 ms MarkObjects: 1.138167 ms  DeleteObjects: 0.092292 ms)

========================================================================
Received Import Request.
  Time since last request: 756.571537 seconds.
  path: Assets/Sprites/Normal_Ghost/GhostGreen_Normal.png
  artifactKey: Guid(610c072383eb3411f9b90dc3d5830ac6) Importer(815301076,1909f56bfc062723c751e8b465ee728b)
Start importing Assets/Sprites/Normal_Ghost/GhostGreen_Normal.png using Guid(610c072383eb3411f9b90dc3d5830ac6) Importer(815301076,1909f56bfc062723c751e8b465ee728b)  -> (artifact id: 'a08cdd8a564abd43fcd6eb78ab59f696') in 0.161655 seconds
  Import took 0.164637 seconds .

========================================================================
Received Import Request.
  Time since last request: 7.308384 seconds.
  path: Assets/Sprites/Normal_Ghost/GhostPink_Normal.png
  artifactKey: Guid(589c709760a324b2ca3cfa5567375655) Importer(815301076,1909f56bfc062723c751e8b465ee728b)
Start importing Assets/Sprites/Normal_Ghost/GhostPink_Normal.png using Guid(589c709760a324b2ca3cfa5567375655) Importer(815301076,1909f56bfc062723c751e8b465ee728b)  -> (artifact id: '54493767a3c58460c5f3d87bef7d97f9') in 0.014703 seconds
  Import took 0.017332 seconds .

========================================================================
Received Import Request.
  Time since last request: 5.095043 seconds.
  path: Assets/Sprites/Normal_Ghost/GhostRed_Normal.png
  artifactKey: Guid(7b503dfb84eed423f9b7a8796e48c53d) Importer(815301076,1909f56bfc062723c751e8b465ee728b)
Start importing Assets/Sprites/Normal_Ghost/GhostRed_Normal.png using Guid(7b503dfb84eed423f9b7a8796e48c53d) Importer(815301076,1909f56bfc062723c751e8b465ee728b)  -> (artifact id: 'd25ce5d7f42aed71eb72aa56638bbf55') in 0.010901 seconds
  Import took 0.013736 seconds .

========================================================================
Received Import Request.
  Time since last request: 0.000645 seconds.
  path: Assets/Sprites/Normal_Ghost/GhostRed_Normal.png
  artifactKey: Guid(7b503dfb84eed423f9b7a8796e48c53d) Importer(815301076,1909f56bfc062723c751e8b465ee728b)
Start importing Assets/Sprites/Normal_Ghost/GhostRed_Normal.png using Guid(7b503dfb84eed423f9b7a8796e48c53d) Importer(815301076,1909f56bfc062723c751e8b465ee728b)  -> (artifact id: 'd25ce5d7f42aed71eb72aa56638bbf55') in 0.011924 seconds
  Import took 0.014231 seconds .

========================================================================
Received Import Request.
  Time since last request: 120.075438 seconds.
  path: Assets/Prefabs/BlueGhost.prefab
  artifactKey: Guid(3feba99318258401094bb1202ae93b3f) Importer(815301076,1909f56bfc062723c751e8b465ee728b)
Start importing Assets/Prefabs/BlueGhost.prefab using Guid(3feba99318258401094bb1202ae93b3f) Importer(815301076,1909f56bfc062723c751e8b465ee728b)  -> (artifact id: '0c8a19d7fb351fa7c83bcc8696693b5c') in 0.110869 seconds
  Import took 0.113843 seconds .

========================================================================
Received Import Request.
  Time since last request: 0.194257 seconds.
  path: Assets/Prefabs/BlueGhost.prefab
  artifactKey: Guid(3feba99318258401094bb1202ae93b3f) Importer(815301076,1909f56bfc062723c751e8b465ee728b)
Start importing Assets/Prefabs/BlueGhost.prefab using Guid(3feba99318258401094bb1202ae93b3f) Importer(815301076,1909f56bfc062723c751e8b465ee728b)  -> (artifact id: '0c8a19d7fb351fa7c83bcc8696693b5c') in 0.026938 seconds
  Import took 0.031638 seconds .

========================================================================
Received Import Request.
  Time since last request: 91.353234 seconds.
  path: Assets/Animations/Ghosts/Green/New Animation.anim
  artifactKey: Guid(f8378e15f59274b19af983f48cdd35f7) Importer(815301076,1909f56bfc062723c751e8b465ee728b)
Start importing Assets/Animations/Ghosts/Green/New Animation.anim using Guid(f8378e15f59274b19af983f48cdd35f7) Importer(815301076,1909f56bfc062723c751e8b465ee728b)  -> (artifact id: '83e222d1d09057170de525a6752350c1') in 0.006973 seconds
  Import took 0.010914 seconds .

========================================================================
Received Import Request.
  Time since last request: 0.027842 seconds.
  path: Assets/Animations/Ghosts/Green/New Animation.anim
  artifactKey: Guid(f8378e15f59274b19af983f48cdd35f7) Importer(815301076,1909f56bfc062723c751e8b465ee728b)
Start importing Assets/Animations/Ghosts/Green/New Animation.anim using Guid(f8378e15f59274b19af983f48cdd35f7) Importer(815301076,1909f56bfc062723c751e8b465ee728b)  -> (artifact id: '83e222d1d09057170de525a6752350c1') in 0.002224 seconds
  Import took 0.004803 seconds .

========================================================================
Received Import Request.
  Time since last request: 7.178100 seconds.
  path: Assets/Animations/Ghosts/Green/GreenGhost.anim
  artifactKey: Guid(f8378e15f59274b19af983f48cdd35f7) Importer(815301076,1909f56bfc062723c751e8b465ee728b)
Start importing Assets/Animations/Ghosts/Green/GreenGhost.anim using Guid(f8378e15f59274b19af983f48cdd35f7) Importer(815301076,1909f56bfc062723c751e8b465ee728b)  -> (artifact id: '49c1bf9bb6af98cb4fff93ab441e157f') in 0.002878 seconds
  Import took 0.007529 seconds .

========================================================================
Received Import Request.
  Time since last request: 1.132801 seconds.
  path: Assets/Animations/Ghosts/Green/Sprite.controller
  artifactKey: Guid(3c2e6435ec1df43d7857e4d1f93e050e) Importer(815301076,1909f56bfc062723c751e8b465ee728b)
Start importing Assets/Animations/Ghosts/Green/Sprite.controller using Guid(3c2e6435ec1df43d7857e4d1f93e050e) Importer(815301076,1909f56bfc062723c751e8b465ee728b)  -> (artifact id: 'e4857e8df658e1f1d0d346c963caa752') in 0.014072 seconds
  Import took 0.017855 seconds .

========================================================================
Received Import Request.
  Time since last request: 7.342462 seconds.
  path: Assets/Animations/Ghosts/Green/GhostAnimator_Green.controller
  artifactKey: Guid(3c2e6435ec1df43d7857e4d1f93e050e) Importer(815301076,1909f56bfc062723c751e8b465ee728b)
Start importing Assets/Animations/Ghosts/Green/GhostAnimator_Green.controller using Guid(3c2e6435ec1df43d7857e4d1f93e050e) Importer(815301076,1909f56bfc062723c751e8b465ee728b)  -> (artifact id: '749ac814d27c7a7462ac6002078e7b3f') in 0.004229 seconds
  Import took 0.007804 seconds .

========================================================================
Received Prepare
Registering precompiled user dll's ...
Registered in 0.000794 seconds.
Begin MonoManager ReloadAssembly
Native extension for OSXStandalone target not found
Refreshing native plugins compatible for Editor in 0.31 ms, found 2 plugins.
Preloading 0 native plugins for Editor in 0.00 ms.
Invoked RoslynAnalysisRunner static constructor.
RoslynAnalysisRunner will not be running.
RoslynAnalysisRunner has terminated.
Mono: successfully reloaded assembly
- Completed reload, in  1.969 seconds
Platform modules already initialized, skipping
Refreshing native plugins compatible for Editor in 0.26 ms, found 2 plugins.
Preloading 0 native plugins for Editor in 0.00 ms.
Unloading 1793 Unused Serialized files (Serialized files now loaded: 0)
System memory in use before: 174.1 MB.
System memory in use after: 174.1 MB.

Unloading 12 unused Assets to reduce memory usage. Loaded Objects now: 2369.
Total: 1.935792 ms (FindLiveObjects: 0.221417 ms CreateObjectMapping: 0.036000 ms MarkObjects: 1.577625 ms  DeleteObjects: 0.099792 ms)

========================================================================
Received Import Request.
  Time since last request: 203.236199 seconds.
  path: Assets/Prefabs/GreenGhost.prefab
  artifactKey: Guid(45b313b506a924be5b3056f8a3661fb5) Importer(815301076,1909f56bfc062723c751e8b465ee728b)
Start importing Assets/Prefabs/GreenGhost.prefab using Guid(45b313b506a924be5b3056f8a3661fb5) Importer(815301076,1909f56bfc062723c751e8b465ee728b)  -> (artifact id: '5b75fc2eaf9c6496817d644d131bf3d0') in 0.168332 seconds
  Import took 0.171154 seconds .

========================================================================
Received Import Request.
  Time since last request: 214.950225 seconds.
  path: Assets/Animations/Ghosts/Pink/Sprite.controller
  artifactKey: Guid(fa8105fa086ec4be6bf962ca39319af3) Importer(815301076,1909f56bfc062723c751e8b465ee728b)
Start importing Assets/Animations/Ghosts/Pink/Sprite.controller using Guid(fa8105fa086ec4be6bf962ca39319af3) Importer(815301076,1909f56bfc062723c751e8b465ee728b)  -> (artifact id: '18d9347972ad07b1f6d592d5325d740e') in 0.008932 seconds
  Import took 0.016761 seconds .

